TN:
SF:server.js
FN:20,logAction
FN:38,substituirVariaveis
FN:40,(anonymous_2)
FN:48,chunkArray
FN:57,authMiddleware
FN:81,(anonymous_5)
FN:90,(anonymous_6)
FN:103,(anonymous_7)
FN:188,(anonymous_8)
FN:268,(anonymous_9)
FN:280,(anonymous_10)
FN:395,(anonymous_11)
FN:444,(anonymous_12)
FN:460,(anonymous_13)
FN:483,(anonymous_14)
FN:518,(anonymous_15)
FN:553,(anonymous_16)
FN:581,(anonymous_17)
FN:628,(anonymous_18)
FN:713,(anonymous_19)
FN:738,(anonymous_20)
FN:773,(anonymous_21)
FN:802,(anonymous_22)
FN:912,(anonymous_23)
FN:985,(anonymous_24)
FN:1025,(anonymous_25)
FN:1066,(anonymous_26)
FN:1140,(anonymous_27)
FN:1162,(anonymous_28)
FN:1192,(anonymous_29)
FN:1245,(anonymous_30)
FN:1255,(anonymous_31)
FN:1282,(anonymous_32)
FN:1291,(anonymous_33)
FN:1298,(anonymous_34)
FN:1307,(anonymous_35)
FN:1336,(anonymous_36)
FN:1366,(anonymous_37)
FN:1378,(anonymous_38)
FN:1388,(anonymous_39)
FN:1411,(anonymous_40)
FN:1425,(anonymous_41)
FN:1439,(anonymous_42)
FN:1453,(anonymous_43)
FN:1468,(anonymous_44)
FN:1502,(anonymous_45)
FNF:46
FNH:0
FNDA:0,logAction
FNDA:0,substituirVariaveis
FNDA:0,(anonymous_2)
FNDA:0,chunkArray
FNDA:0,authMiddleware
FNDA:0,(anonymous_5)
FNDA:0,(anonymous_6)
FNDA:0,(anonymous_7)
FNDA:0,(anonymous_8)
FNDA:0,(anonymous_9)
FNDA:0,(anonymous_10)
FNDA:0,(anonymous_11)
FNDA:0,(anonymous_12)
FNDA:0,(anonymous_13)
FNDA:0,(anonymous_14)
FNDA:0,(anonymous_15)
FNDA:0,(anonymous_16)
FNDA:0,(anonymous_17)
FNDA:0,(anonymous_18)
FNDA:0,(anonymous_19)
FNDA:0,(anonymous_20)
FNDA:0,(anonymous_21)
FNDA:0,(anonymous_22)
FNDA:0,(anonymous_23)
FNDA:0,(anonymous_24)
FNDA:0,(anonymous_25)
FNDA:0,(anonymous_26)
FNDA:0,(anonymous_27)
FNDA:0,(anonymous_28)
FNDA:0,(anonymous_29)
FNDA:0,(anonymous_30)
FNDA:0,(anonymous_31)
FNDA:0,(anonymous_32)
FNDA:0,(anonymous_33)
FNDA:0,(anonymous_34)
FNDA:0,(anonymous_35)
FNDA:0,(anonymous_36)
FNDA:0,(anonymous_37)
FNDA:0,(anonymous_38)
FNDA:0,(anonymous_39)
FNDA:0,(anonymous_40)
FNDA:0,(anonymous_41)
FNDA:0,(anonymous_42)
FNDA:0,(anonymous_43)
FNDA:0,(anonymous_44)
FNDA:0,(anonymous_45)
DA:1,0
DA:2,0
DA:3,0
DA:4,0
DA:6,0
DA:7,0
DA:10,0
DA:13,0
DA:14,0
DA:17,0
DA:21,0
DA:22,0
DA:31,0
DA:33,0
DA:39,0
DA:40,0
DA:41,0
DA:42,0
DA:44,0
DA:49,0
DA:50,0
DA:51,0
DA:53,0
DA:58,0
DA:59,0
DA:61,0
DA:62,0
DA:65,0
DA:66,0
DA:68,0
DA:69,0
DA:72,0
DA:73,0
DA:75,0
DA:76,0
DA:81,0
DA:82,0
DA:90,0
DA:91,0
DA:103,0
DA:104,0
DA:106,0
DA:108,0
DA:109,0
DA:110,0
DA:116,0
DA:117,0
DA:119,0
DA:120,0
DA:121,0
DA:122,0
DA:127,0
DA:128,0
DA:131,0
DA:132,0
DA:133,0
DA:137,0
DA:146,0
DA:147,0
DA:148,0
DA:151,0
DA:154,0
DA:162,0
DA:170,0
DA:173,0
DA:179,0
DA:188,0
DA:189,0
DA:191,0
DA:193,0
DA:194,0
DA:195,0
DA:199,0
DA:206,0
DA:207,0
DA:208,0
DA:212,0
DA:213,0
DA:217,0
DA:218,0
DA:219,0
DA:225,0
DA:226,0
DA:227,0
DA:230,0
DA:233,0
DA:234,0
DA:235,0
DA:239,0
DA:240,0
DA:242,0
DA:244,0
DA:248,0
DA:256,0
DA:257,0
DA:258,0
DA:261,0
DA:263,0
DA:264,0
DA:266,0
DA:268,0
DA:277,0
DA:280,0
DA:281,0
DA:286,0
DA:301,0
DA:302,0
DA:304,0
DA:307,0
DA:308,0
DA:309,0
DA:318,0
DA:327,0
DA:337,0
DA:346,0
DA:366,0
DA:369,0
DA:370,0
DA:380,0
DA:386,0
DA:395,0
DA:396,0
DA:398,0
DA:399,0
DA:400,0
DA:404,0
DA:411,0
DA:412,0
DA:416,0
DA:422,0
DA:423,0
DA:425,0
DA:439,0
DA:444,0
DA:445,0
DA:451,0
DA:459,0
DA:460,0
DA:461,0
DA:464,0
DA:476,0
DA:483,0
DA:484,0
DA:486,0
DA:487,0
DA:488,0
DA:491,0
DA:503,0
DA:505,0
DA:510,0
DA:512,0
DA:513,0
DA:518,0
DA:519,0
DA:520,0
DA:522,0
DA:523,0
DA:524,0
DA:525,0
DA:526,0
DA:527,0
DA:529,0
DA:537,0
DA:538,0
DA:540,0
DA:545,0
DA:547,0
DA:548,0
DA:553,0
DA:554,0
DA:556,0
DA:557,0
DA:565,0
DA:566,0
DA:568,0
DA:573,0
DA:575,0
DA:576,0
DA:581,0
DA:582,0
DA:583,0
DA:585,0
DA:587,0
DA:594,0
DA:595,0
DA:598,0
DA:610,0
DA:612,0
DA:618,0
DA:620,0
DA:621,0
DA:628,0
DA:629,0
DA:630,0
DA:632,0
DA:633,0
DA:636,0
DA:637,0
DA:649,0
DA:652,0
DA:655,0
DA:656,0
DA:662,0
DA:666,0
DA:667,0
DA:668,0
DA:672,0
DA:688,0
DA:689,0
DA:697,0
DA:699,0
DA:703,0
DA:705,0
DA:706,0
DA:713,0
DA:714,0
DA:715,0
DA:717,0
DA:724,0
DA:725,0
DA:728,0
DA:729,0
DA:731,0
DA:733,0
DA:738,0
DA:739,0
DA:741,0
DA:742,0
DA:743,0
DA:746,0
DA:757,0
DA:759,0
DA:765,0
DA:767,0
DA:768,0
DA:773,0
DA:774,0
DA:776,0
DA:777,0
DA:786,0
DA:787,0
DA:789,0
DA:794,0
DA:796,0
DA:797,0
DA:802,0
DA:803,0
DA:804,0
DA:805,0
DA:808,0
DA:809,0
DA:815,0
DA:816,0
DA:817,0
DA:818,0
DA:819,0
DA:825,0
DA:827,0
DA:832,0
DA:836,0
DA:837,0
DA:843,0
DA:844,0
DA:845,0
DA:846,0
DA:847,0
DA:853,0
DA:855,0
DA:860,0
DA:864,0
DA:865,0
DA:871,0
DA:872,0
DA:873,0
DA:874,0
DA:875,0
DA:881,0
DA:883,0
DA:888,0
DA:891,0
DA:896,0
DA:904,0
DA:905,0
DA:912,0
DA:913,0
DA:914,0
DA:916,0
DA:917,0
DA:918,0
DA:921,0
DA:922,0
DA:923,0
DA:927,0
DA:934,0
DA:935,0
DA:939,0
DA:949,0
DA:952,0
DA:961,0
DA:967,0
DA:979,0
DA:980,0
DA:985,0
DA:986,0
DA:988,0
DA:990,0
DA:999,0
DA:1000,0
DA:1003,0
DA:1012,0
DA:1017,0
DA:1019,0
DA:1020,0
DA:1025,0
DA:1026,0
DA:1028,0
DA:1029,0
DA:1038,0
DA:1040,0
DA:1041,0
DA:1043,0
DA:1044,0
DA:1046,0
DA:1052,0
DA:1055,0
DA:1061,0
DA:1063,0
DA:1065,0
DA:1066,0
DA:1081,0
DA:1085,0
DA:1099,0
DA:1107,0
DA:1110,0
DA:1113,0
DA:1121,0
DA:1125,0
DA:1134,0
DA:1135,0
DA:1140,0
DA:1141,0
DA:1142,0
DA:1151,0
DA:1153,0
DA:1155,0
DA:1162,0
DA:1163,0
DA:1165,0
DA:1167,0
DA:1174,0
DA:1175,0
DA:1179,0
DA:1185,0
DA:1188,0
DA:1189,0
DA:1190,0
DA:1192,0
DA:1194,0
DA:1197,0
DA:1198,0
DA:1200,0
DA:1203,0
DA:1212,0
DA:1213,0
DA:1214,0
DA:1215,0
DA:1216,0
DA:1217,0
DA:1219,0
DA:1233,0
DA:1245,0
DA:1250,0
DA:1255,0
DA:1256,0
DA:1257,0
DA:1258,0
DA:1259,0
DA:1260,0
DA:1270,0
DA:1280,0
DA:1281,0
DA:1282,0
DA:1283,0
DA:1284,0
DA:1285,0
DA:1290,0
DA:1291,0
DA:1292,0
DA:1296,0
DA:1297,0
DA:1298,0
DA:1299,0
DA:1301,0
DA:1302,0
DA:1303,0
DA:1307,0
DA:1313,0
DA:1331,0
DA:1336,0
DA:1337,0
DA:1338,0
DA:1340,0
DA:1341,0
DA:1345,0
DA:1352,0
DA:1355,0
DA:1363,0
DA:1364,0
DA:1366,0
DA:1367,0
DA:1375,0
DA:1378,0
DA:1379,0
DA:1380,0
DA:1381,0
DA:1382,0
DA:1383,0
DA:1388,0
DA:1389,0
DA:1390,0
DA:1391,0
DA:1394,0
DA:1406,0
DA:1411,0
DA:1412,0
DA:1413,0
DA:1418,0
DA:1419,0
DA:1421,0
DA:1425,0
DA:1426,0
DA:1427,0
DA:1432,0
DA:1433,0
DA:1435,0
DA:1439,0
DA:1440,0
DA:1441,0
DA:1446,0
DA:1447,0
DA:1449,0
DA:1453,0
DA:1454,0
DA:1455,0
DA:1460,0
DA:1461,0
DA:1463,0
DA:1468,0
DA:1469,0
DA:1471,0
DA:1473,0
DA:1475,0
DA:1490,0
DA:1497,0
DA:1501,0
DA:1502,0
DA:1503,0
DA:1504,0
LF:458
LH:0
BRDA:20,0,0,0
BRDA:20,1,0,0
BRDA:26,2,0,0
BRDA:26,2,1,0
BRDA:27,3,0,0
BRDA:27,3,1,0
BRDA:27,3,2,0
BRDA:28,4,0,0
BRDA:28,4,1,0
BRDA:42,5,0,0
BRDA:42,5,1,0
BRDA:61,6,0,0
BRDA:61,6,1,0
BRDA:68,7,0,0
BRDA:68,7,1,0
BRDA:68,8,0,0
BRDA:68,8,1,0
BRDA:108,9,0,0
BRDA:108,9,1,0
BRDA:108,10,0,0
BRDA:108,10,1,0
BRDA:108,10,2,0
BRDA:108,10,3,0
BRDA:117,11,0,0
BRDA:117,11,1,0
BRDA:120,12,0,0
BRDA:120,12,1,0
BRDA:131,13,0,0
BRDA:131,13,1,0
BRDA:131,14,0,0
BRDA:131,14,1,0
BRDA:132,15,0,0
BRDA:132,15,1,0
BRDA:133,16,0,0
BRDA:133,16,1,0
BRDA:146,17,0,0
BRDA:146,17,1,0
BRDA:147,18,0,0
BRDA:147,18,1,0
BRDA:148,19,0,0
BRDA:148,19,1,0
BRDA:175,20,0,0
BRDA:175,20,1,0
BRDA:176,21,0,0
BRDA:176,21,1,0
BRDA:189,22,0,0
BRDA:193,23,0,0
BRDA:193,23,1,0
BRDA:206,24,0,0
BRDA:206,24,1,0
BRDA:206,25,0,0
BRDA:206,25,1,0
BRDA:212,26,0,0
BRDA:212,26,1,0
BRDA:218,27,0,0
BRDA:218,27,1,0
BRDA:218,28,0,0
BRDA:218,28,1,0
BRDA:225,29,0,0
BRDA:225,29,1,0
BRDA:230,30,0,0
BRDA:230,30,1,0
BRDA:233,31,0,0
BRDA:233,31,1,0
BRDA:242,32,0,0
BRDA:242,32,1,0
BRDA:251,33,0,0
BRDA:251,33,1,0
BRDA:271,34,0,0
BRDA:271,34,1,0
BRDA:282,35,0,0
BRDA:282,35,1,0
BRDA:330,36,0,0
BRDA:330,36,1,0
BRDA:330,37,0,0
BRDA:330,37,1,0
BRDA:338,38,0,0
BRDA:338,38,1,0
BRDA:343,39,0,0
BRDA:343,39,1,0
BRDA:348,40,0,0
BRDA:348,40,1,0
BRDA:362,41,0,0
BRDA:362,41,1,0
BRDA:369,42,0,0
BRDA:369,42,1,0
BRDA:383,43,0,0
BRDA:383,43,1,0
BRDA:399,44,0,0
BRDA:399,44,1,0
BRDA:411,45,0,0
BRDA:411,45,1,0
BRDA:411,46,0,0
BRDA:411,46,1,0
BRDA:461,47,0,0
BRDA:461,47,1,0
BRDA:467,48,0,0
BRDA:467,48,1,0
BRDA:468,49,0,0
BRDA:468,49,1,0
BRDA:469,50,0,0
BRDA:469,50,1,0
BRDA:471,51,0,0
BRDA:471,51,1,0
BRDA:484,52,0,0
BRDA:487,53,0,0
BRDA:487,53,1,0
BRDA:487,54,0,0
BRDA:487,54,1,0
BRDA:503,55,0,0
BRDA:503,55,1,0
BRDA:524,56,0,0
BRDA:524,56,1,0
BRDA:525,57,0,0
BRDA:525,57,1,0
BRDA:526,58,0,0
BRDA:526,58,1,0
BRDA:527,59,0,0
BRDA:527,59,1,0
BRDA:537,60,0,0
BRDA:537,60,1,0
BRDA:538,61,0,0
BRDA:538,61,1,0
BRDA:565,62,0,0
BRDA:565,62,1,0
BRDA:566,63,0,0
BRDA:566,63,1,0
BRDA:594,64,0,0
BRDA:594,64,1,0
BRDA:595,65,0,0
BRDA:595,65,1,0
BRDA:601,66,0,0
BRDA:601,66,1,0
BRDA:610,67,0,0
BRDA:610,67,1,0
BRDA:632,68,0,0
BRDA:632,68,1,0
BRDA:655,69,0,0
BRDA:655,69,1,0
BRDA:655,70,0,0
BRDA:655,70,1,0
BRDA:662,71,0,0
BRDA:662,71,1,0
BRDA:666,72,0,0
BRDA:666,72,1,0
BRDA:674,73,0,0
BRDA:674,73,1,0
BRDA:675,74,0,0
BRDA:675,74,1,0
BRDA:679,75,0,0
BRDA:679,75,1,0
BRDA:680,76,0,0
BRDA:680,76,1,0
BRDA:688,77,0,0
BRDA:688,77,1,0
BRDA:691,78,0,0
BRDA:691,78,1,0
BRDA:692,79,0,0
BRDA:692,79,1,0
BRDA:715,80,0,0
BRDA:715,81,0,0
BRDA:724,82,0,0
BRDA:724,82,1,0
BRDA:729,83,0,0
BRDA:729,83,1,0
BRDA:742,84,0,0
BRDA:742,84,1,0
BRDA:742,85,0,0
BRDA:742,85,1,0
BRDA:751,86,0,0
BRDA:751,86,1,0
BRDA:757,87,0,0
BRDA:757,87,1,0
BRDA:786,88,0,0
BRDA:786,88,1,0
BRDA:787,89,0,0
BRDA:787,89,1,0
BRDA:816,90,0,0
BRDA:816,90,1,0
BRDA:816,91,0,0
BRDA:816,91,1,0
BRDA:822,92,0,0
BRDA:822,92,1,0
BRDA:844,93,0,0
BRDA:844,93,1,0
BRDA:844,94,0,0
BRDA:844,94,1,0
BRDA:872,95,0,0
BRDA:872,95,1,0
BRDA:872,96,0,0
BRDA:872,96,1,0
BRDA:900,97,0,0
BRDA:900,97,1,0
BRDA:917,98,0,0
BRDA:917,98,1,0
BRDA:922,99,0,0
BRDA:922,99,1,0
BRDA:934,100,0,0
BRDA:934,100,1,0
BRDA:934,101,0,0
BRDA:934,101,1,0
BRDA:949,102,0,0
BRDA:949,102,1,0
BRDA:999,103,0,0
BRDA:999,103,1,0
BRDA:1000,104,0,0
BRDA:1000,104,1,0
BRDA:1038,105,0,0
BRDA:1038,105,1,0
BRDA:1043,106,0,0
BRDA:1043,106,1,0
BRDA:1058,107,0,0
BRDA:1058,107,1,0
BRDA:1061,108,0,0
BRDA:1061,108,1,0
BRDA:1061,109,0,0
BRDA:1061,109,1,0
BRDA:1071,110,0,0
BRDA:1071,110,1,0
BRDA:1130,111,0,0
BRDA:1130,111,1,0
BRDA:1151,112,0,0
BRDA:1151,112,1,0
BRDA:1174,113,0,0
BRDA:1174,113,1,0
BRDA:1174,114,0,0
BRDA:1174,114,1,0
BRDA:1185,115,0,0
BRDA:1185,115,1,0
BRDA:1192,116,0,0
BRDA:1192,116,1,0
BRDA:1194,117,0,0
BRDA:1194,117,1,0
BRDA:1197,118,0,0
BRDA:1197,118,1,0
BRDA:1212,119,0,0
BRDA:1212,119,1,0
BRDA:1213,120,0,0
BRDA:1213,120,1,0
BRDA:1214,121,0,0
BRDA:1214,121,1,0
BRDA:1215,122,0,0
BRDA:1215,122,1,0
BRDA:1216,123,0,0
BRDA:1216,123,1,0
BRDA:1217,124,0,0
BRDA:1217,124,1,0
BRDA:1226,125,0,0
BRDA:1226,125,1,0
BRDA:1227,126,0,0
BRDA:1227,126,1,0
BRDA:1228,127,0,0
BRDA:1228,127,1,0
BRDA:1229,128,0,0
BRDA:1229,128,1,0
BRDA:1230,129,0,0
BRDA:1230,129,1,0
BRDA:1241,130,0,0
BRDA:1241,130,1,0
BRDA:1257,131,0,0
BRDA:1282,132,0,0
BRDA:1282,132,1,0
BRDA:1283,133,0,0
BRDA:1283,133,1,0
BRDA:1284,134,0,0
BRDA:1284,134,1,0
BRDA:1291,135,0,0
BRDA:1291,135,1,0
BRDA:1292,136,0,0
BRDA:1292,136,1,0
BRDA:1298,137,0,0
BRDA:1298,137,1,0
BRDA:1299,138,0,0
BRDA:1299,138,1,0
BRDA:1302,139,0,0
BRDA:1302,139,1,0
BRDA:1303,140,0,0
BRDA:1303,140,1,0
BRDA:1307,141,0,0
BRDA:1307,141,1,0
BRDA:1317,142,0,0
BRDA:1317,142,1,0
BRDA:1318,143,0,0
BRDA:1318,143,1,0
BRDA:1319,144,0,0
BRDA:1319,144,1,0
BRDA:1321,145,0,0
BRDA:1321,145,1,0
BRDA:1340,146,0,0
BRDA:1340,146,1,0
BRDA:1340,147,0,0
BRDA:1340,147,1,0
BRDA:1352,148,0,0
BRDA:1352,148,1,0
BRDA:1366,149,0,0
BRDA:1366,149,1,0
BRDA:1369,150,0,0
BRDA:1369,150,1,0
BRDA:1375,151,0,0
BRDA:1375,151,1,0
BRDA:1378,152,0,0
BRDA:1378,152,1,0
BRDA:1379,153,0,0
BRDA:1379,153,1,0
BRDA:1380,154,0,0
BRDA:1380,154,1,0
BRDA:1381,155,0,0
BRDA:1381,155,1,0
BRDA:1382,156,0,0
BRDA:1382,156,1,0
BRDA:1383,157,0,0
BRDA:1383,157,1,0
BRDA:1389,158,0,0
BRDA:1389,158,1,0
BRDA:1390,159,0,0
BRDA:1390,159,1,0
BRDA:1391,160,0,0
BRDA:1391,160,1,0
BRDA:1400,161,0,0
BRDA:1400,161,1,0
BRDA:1418,162,0,0
BRDA:1418,162,1,0
BRDA:1432,163,0,0
BRDA:1432,163,1,0
BRDA:1446,164,0,0
BRDA:1446,164,1,0
BRDA:1460,165,0,0
BRDA:1460,165,1,0
BRDA:1473,166,0,0
BRDA:1473,166,1,0
BRDA:1501,167,0,0
BRDA:1501,167,1,0
BRF:332
BRH:0
end_of_record
